\BOOKMARK [0][]{Contents.0}{\376\377\000T\000a\000b\000l\000e\000\040\000o\000f\000\040\000c\000o\000n\000t\000e\000n\000t\000s}{}% 1
\BOOKMARK [0][]{chapter.1}{\376\377\0001\000\040\000A\000n\000a\000l\000y\000s\000i\000n\000g\000\040\000t\000h\000e\000\040\000p\000r\000o\000b\000l\000e\000m}{}% 2
\BOOKMARK [1][]{section.1.1}{\376\377\0001\000.\0001\000\040\000D\000e\000f\000i\000n\000i\000n\000g\000\040\000t\000h\000e\000\040\000p\000r\000o\000b\000l\000e\000m\000\040\000i\000t\000s\000e\000l\000f}{chapter.1}% 3
\BOOKMARK [1][]{section.1.2}{\376\377\0001\000.\0002\000\040\000C\000u\000r\000r\000e\000n\000t\000\040\000s\000y\000s\000t\000e\000m\000s\000\040\000m\000o\000d\000e\000l}{chapter.1}% 4
\BOOKMARK [1][]{section.1.3}{\376\377\0001\000.\0003\000\040\000C\000o\000m\000p\000u\000t\000a\000t\000i\000o\000n\000a\000l\000\040\000m\000e\000t\000h\000o\000d\000s}{chapter.1}% 5
\BOOKMARK [2][]{subsection.1.3.1}{\376\377\0001\000.\0003\000.\0001\000\040\000T\000h\000i\000n\000k\000i\000n\000g\000\040\000A\000b\000s\000t\000r\000a\000c\000t\000l\000y}{section.1.3}% 6
\BOOKMARK [2][]{subsection.1.3.2}{\376\377\0001\000.\0003\000.\0002\000\040\000T\000h\000i\000n\000k\000i\000n\000g\000\040\000A\000h\000e\000a\000d}{section.1.3}% 7
\BOOKMARK [2][]{subsection.1.3.3}{\376\377\0001\000.\0003\000.\0003\000\040\000T\000h\000i\000n\000k\000i\000n\000g\000\040\000P\000r\000o\000c\000e\000d\000u\000r\000a\000l\000l\000y}{section.1.3}% 8
\BOOKMARK [2][]{subsection.1.3.4}{\376\377\0001\000.\0003\000.\0004\000\040\000T\000h\000i\000n\000k\000i\000n\000g\000\040\000L\000o\000g\000i\000c\000a\000l\000l\000y}{section.1.3}% 9
\BOOKMARK [2][]{subsection.1.3.5}{\376\377\0001\000.\0003\000.\0005\000\040\000T\000h\000i\000n\000k\000i\000n\000g\000\040\000C\000o\000n\000c\000u\000r\000r\000e\000n\000t\000l\000y}{section.1.3}% 10
\BOOKMARK [1][]{section.1.4}{\376\377\0001\000.\0004\000\040\000S\000t\000a\000k\000e\000h\000o\000l\000d\000e\000r\000s\000\040\000i\000n\000\040\000a\000\040\000s\000o\000l\000u\000t\000i\000o\000n}{chapter.1}% 11
\BOOKMARK [2][]{subsection.1.4.1}{\376\377\0001\000.\0004\000.\0001\000\040\000S\000t\000a\000k\000e\000h\000o\000l\000d\000e\000r\000\040\000d\000e\000f\000i\000n\000i\000t\000i\000o\000n}{section.1.4}% 12
\BOOKMARK [2][]{subsection.1.4.2}{\376\377\0001\000.\0004\000.\0002\000\040\000S\000t\000a\000k\000e\000h\000o\000l\000d\000e\000r\000\040\000u\000s\000e\000\040\000o\000f\000\040\000s\000o\000l\000u\000t\000i\000o\000n}{section.1.4}% 13
\BOOKMARK [1][]{section.1.5}{\376\377\0001\000.\0005\000\040\000I\000n\000v\000e\000s\000t\000i\000g\000a\000t\000i\000o\000n}{chapter.1}% 14
\BOOKMARK [2][]{subsection.1.5.1}{\376\377\0001\000.\0005\000.\0001\000\040\000P\000r\000i\000m\000a\000r\000y\000\040\000S\000t\000a\000k\000e\000h\000o\000l\000d\000e\000r\000\040\000D\000a\000t\000a}{section.1.5}% 15
\BOOKMARK [2][]{subsection.1.5.2}{\376\377\0001\000.\0005\000.\0002\000\040\000S\000e\000c\000o\000n\000d\000a\000r\000y\000\040\000S\000t\000a\000k\000e\000h\000o\000l\000d\000e\000r\000\040\000Q\000u\000e\000s\000t\000i\000o\000n\000n\000a\000i\000r\000e\000\040\000\046\000\040\000R\000e\000s\000p\000o\000n\000s\000e\000s}{section.1.5}% 16
\BOOKMARK [2][]{subsection.1.5.3}{\376\377\0001\000.\0005\000.\0003\000\040\000C\000o\000n\000c\000l\000u\000s\000i\000o\000n}{section.1.5}% 17
\BOOKMARK [0][]{chapter.2}{\376\377\0002\000\040\000E\000x\000p\000l\000o\000r\000i\000n\000g\000\040\000t\000h\000e\000\040\000s\000o\000l\000u\000t\000i\000o\000n}{}% 18
\BOOKMARK [1][]{section.2.1}{\376\377\0002\000.\0001\000\040\000R\000e\000s\000e\000a\000r\000c\000h\000\040\000o\000n\000\040\000c\000u\000r\000r\000e\000n\000t\000\040\000i\000m\000p\000l\000e\000m\000e\000n\000t\000a\000t\000i\000o\000n\000s}{chapter.2}% 19
\BOOKMARK [2][]{subsection.2.1.1}{\376\377\0002\000.\0001\000.\0001\000\040\000H\000i\000s\000t\000o\000r\000y\000\040\000o\000f\000\040\000w\000a\000r\000e\000h\000o\000u\000s\000e\000\040\000r\000o\000b\000o\000t\000s}{section.2.1}% 20
\BOOKMARK [2][]{subsection.2.1.2}{\376\377\0002\000.\0001\000.\0002\000\040\000A\000m\000a\000z\000o\000n\000\040\000R\000o\000b\000o\000t\000i\000c\000s\000\040\000\050\000f\000o\000r\000m\000e\000r\000l\000y\000\040\000K\000i\000v\000a\000\040\000S\000y\000s\000t\000e\000m\000s\000\051}{section.2.1}% 21
\BOOKMARK [2][]{subsection.2.1.3}{\376\377\0002\000.\0001\000.\0003\000\040\000O\000c\000a\000d\000o\000\040\000S\000m\000a\000r\000t\000\040\000P\000l\000a\000t\000f\000o\000r\000m\000:\000\040\000T\000h\000e\000\040\000G\000r\000i\000d\000-\000B\000a\000s\000e\000d\000\040\000A\000p\000p\000r\000o\000a\000c\000h}{section.2.1}% 22
\BOOKMARK [2][]{subsection.2.1.4}{\376\377\0002\000.\0001\000.\0004\000\040\000A\000u\000t\000o\000S\000t\000o\000r\000e\000:\000\040\000C\000u\000b\000e\000\040\000S\000t\000o\000r\000a\000g\000e}{section.2.1}% 23
\BOOKMARK [1][]{section.2.2}{\376\377\0002\000.\0002\000\040\000R\000e\000s\000e\000a\000r\000c\000h\000\040\000o\000n\000\040\000p\000a\000t\000h\000f\000i\000n\000d\000i\000n\000g\000\040\000a\000l\000g\000o\000r\000i\000t\000h\000m\000s}{chapter.2}% 24
\BOOKMARK [2][]{subsection.2.2.1}{\376\377\0002\000.\0002\000.\0001\000\040\000B\000r\000e\000a\000d\000t\000h\000-\000F\000i\000r\000s\000t\000\040\000S\000e\000a\000r\000c\000h\000\040\000\050\000B\000F\000S\000\051}{section.2.2}% 25
\BOOKMARK [2][]{subsection.2.2.2}{\376\377\0002\000.\0002\000.\0002\000\040\000D\000e\000p\000t\000h\000-\000F\000i\000r\000s\000t\000\040\000S\000e\000a\000r\000c\000h\000\040\000\050\000D\000F\000S\000\051}{section.2.2}% 26
\BOOKMARK [2][]{subsection.2.2.3}{\376\377\0002\000.\0002\000.\0003\000\040\000A\000*\000\040\000S\000e\000a\000r\000c\000h}{section.2.2}% 27
\BOOKMARK [2][]{subsection.2.2.4}{\376\377\0002\000.\0002\000.\0004\000\040\000G\000e\000n\000e\000t\000i\000c\000\040\000A\000l\000g\000o\000r\000i\000t\000h\000m\000s}{section.2.2}% 28
\BOOKMARK [2][]{subsection.2.2.5}{\376\377\0002\000.\0002\000.\0005\000\040\000R\000a\000t\000i\000n\000g\000s}{section.2.2}% 29
\BOOKMARK [1][]{section.2.3}{\376\377\0002\000.\0003\000\040\000P\000r\000o\000p\000o\000s\000e\000d\000\040\000f\000e\000a\000t\000u\000r\000e\000s\000\040\000f\000o\000r\000\040\000m\000y\000\040\000s\000o\000l\000u\000t\000i\000o\000n}{chapter.2}% 30
\BOOKMARK [2][]{subsection.2.3.1}{\376\377\0002\000.\0003\000.\0001\000\040\000S\000t\000o\000c\000k\000\040\000c\000h\000e\000c\000k\000e\000r}{section.2.3}% 31
\BOOKMARK [2][]{subsection.2.3.2}{\376\377\0002\000.\0003\000.\0002\000\040\000S\000h\000o\000r\000t\000e\000s\000t\000\040\000p\000a\000t\000h\000\040\000a\000l\000g\000o\000r\000i\000t\000h\000m}{section.2.3}% 32
\BOOKMARK [2][]{subsection.2.3.3}{\376\377\0002\000.\0003\000.\0003\000\040\000O\000b\000s\000t\000a\000c\000l\000e\000\040\000P\000l\000a\000c\000e\000m\000e\000n\000t}{section.2.3}% 33
\BOOKMARK [2][]{subsection.2.3.4}{\376\377\0002\000.\0003\000.\0004\000\040\000D\000i\000r\000e\000c\000t\000\040\000F\000e\000e\000d\000b\000a\000c\000k}{section.2.3}% 34
\BOOKMARK [2][]{subsection.2.3.5}{\376\377\0002\000.\0003\000.\0005\000\040\000E\000n\000v\000i\000r\000o\000n\000m\000e\000n\000t\000\040\000p\000e\000r\000s\000i\000s\000t\000e\000n\000c\000e}{section.2.3}% 35
\BOOKMARK [1][]{section.2.4}{\376\377\0002\000.\0004\000\040\000L\000i\000m\000i\000t\000a\000t\000i\000o\000n\000s\000\040\000o\000f\000\040\000t\000h\000e\000\040\000s\000o\000l\000u\000t\000i\000o\000n}{chapter.2}% 36
\BOOKMARK [2][]{subsection.2.4.1}{\376\377\0002\000.\0004\000.\0001\000\040\000L\000i\000m\000i\000t\000a\000t\000i\000o\000n\000s\000\040\000f\000r\000o\000m\000\040\000c\000o\000d\000e}{section.2.4}% 37
\BOOKMARK [2][]{subsection.2.4.2}{\376\377\0002\000.\0004\000.\0002\000\040\000L\000i\000m\000i\000t\000a\000t\000i\000o\000n\000s\000\040\000f\000r\000o\000m\000\040\000s\000o\000f\000t\000w\000a\000r\000e\000\040\000\046\000\040\000l\000i\000b\000r\000a\000r\000y\000\040\000c\000h\000o\000i\000c\000e}{section.2.4}% 38
\BOOKMARK [2][]{subsection.2.4.3}{\376\377\0002\000.\0004\000.\0003\000\040\000L\000i\000m\000i\000t\000a\000t\000i\000o\000n\000s\000\040\000f\000r\000o\000m\000\040\000t\000i\000m\000e\000\040\000\046\000\040\000s\000o\000f\000t\000w\000a\000r\000e\000\040\000c\000h\000o\000i\000c\000e}{section.2.4}% 39
\BOOKMARK [1][]{section.2.5}{\376\377\0002\000.\0005\000\040\000S\000o\000f\000t\000w\000a\000r\000e\000\040\000s\000p\000e\000c\000i\000f\000i\000c\000a\000t\000i\000o\000n\000s}{chapter.2}% 40
\BOOKMARK [1][]{section.2.6}{\376\377\0002\000.\0006\000\040\000R\000e\000q\000u\000i\000r\000e\000m\000e\000n\000t\000s}{chapter.2}% 41
\BOOKMARK [2][]{subsection.2.6.1}{\376\377\0002\000.\0006\000.\0001\000\040\000H\000a\000r\000d\000w\000a\000r\000e}{section.2.6}% 42
\BOOKMARK [2][]{subsection.2.6.2}{\376\377\0002\000.\0006\000.\0002\000\040\000S\000o\000f\000t\000w\000a\000r\000e}{section.2.6}% 43
\BOOKMARK [1][]{section.2.7}{\376\377\0002\000.\0007\000\040\000S\000u\000c\000c\000e\000s\000s\000\040\000c\000r\000i\000t\000e\000r\000i\000a}{chapter.2}% 44
\BOOKMARK [1][]{section.2.8}{\376\377\0002\000.\0008\000\040\000M\000e\000t\000h\000o\000d\000o\000l\000o\000g\000y}{chapter.2}% 45
\BOOKMARK [2][]{subsection.2.8.1}{\376\377\0002\000.\0008\000.\0001\000\040\000O\000u\000t\000l\000i\000n\000e}{section.2.8}% 46
\BOOKMARK [2][]{subsection.2.8.2}{\376\377\0002\000.\0008\000.\0002\000\040\000A\000\040\000b\000r\000e\000a\000k\000d\000o\000w\000n\000\040\000o\000f\000\040\000e\000a\000c\000h\000\040\000s\000t\000a\000g\000e}{section.2.8}% 47
\BOOKMARK [2][]{subsection.2.8.3}{\376\377\0002\000.\0008\000.\0003\000\040\000K\000e\000y\000\040\000c\000o\000n\000s\000i\000d\000e\000r\000a\000t\000i\000o\000n\000s\000:}{section.2.8}% 48
\BOOKMARK [0][]{chapter.3}{\376\377\0003\000\040\000D\000e\000s\000i\000g\000n\000i\000n\000g\000\040\000t\000h\000e\000\040\000s\000o\000l\000u\000t\000i\000o\000n}{}% 49
\BOOKMARK [1][]{section.3.1}{\376\377\0003\000.\0001\000\040\000A\000n\000\040\000i\000n\000i\000t\000i\000a\000l\000\040\000b\000r\000e\000a\000k\000d\000o\000w\000n\000\040\000o\000f\000\040\000m\000y\000\040\000s\000o\000l\000u\000t\000i\000o\000n}{chapter.3}% 50
\BOOKMARK [2][]{subsection.3.1.1}{\376\377\0003\000.\0001\000.\0001\000\040\000F\000e\000a\000t\000u\000r\000e\000s}{section.3.1}% 51
\BOOKMARK [2][]{subsection.3.1.2}{\376\377\0003\000.\0001\000.\0002\000\040\000I\000n\000i\000t\000i\000a\000l\000i\000s\000a\000t\000i\000o\000n\000\040\000a\000n\000d\000\040\000S\000t\000a\000r\000t\000u\000p}{section.3.1}% 52
\BOOKMARK [2][]{subsection.3.1.3}{\376\377\0003\000.\0001\000.\0003\000\040\000M\000a\000i\000n\000\040\000L\000i\000b\000r\000a\000r\000i\000e\000s}{section.3.1}% 53
\BOOKMARK [2][]{subsection.3.1.4}{\376\377\0003\000.\0001\000.\0004\000\040\000A\000b\000s\000t\000r\000a\000c\000t\000i\000o\000n}{section.3.1}% 54
\BOOKMARK [2][]{subsection.3.1.5}{\376\377\0003\000.\0001\000.\0005\000\040\000S\000u\000m\000m\000a\000r\000y\000/\000J\000u\000s\000t\000i\000f\000i\000c\000a\000t\000i\000o\000n\000s}{section.3.1}% 55
\BOOKMARK [1][]{section.3.2}{\376\377\0003\000.\0002\000\040\000A\000l\000g\000o\000r\000i\000t\000h\000m\000\040\000p\000r\000o\000t\000o\000t\000y\000p\000i\000n\000g}{chapter.3}% 56
\BOOKMARK [2][]{subsection.3.2.1}{\376\377\0003\000.\0002\000.\0001\000\040\000C\000r\000e\000a\000t\000i\000n\000g\000\040\000t\000h\000e\000\040\000s\000h\000o\000r\000t\000e\000s\000t\000\040\000p\000a\000t\000h\000\040\000a\000l\000g\000o\000r\000i\000t\000h\000m\000\040\000-\000\040\000B\000F\000S}{section.3.2}% 57
\BOOKMARK [2][]{subsection.3.2.2}{\376\377\0003\000.\0002\000.\0002\000\040\000C\000r\000e\000a\000t\000i\000n\000g\000\040\000t\000h\000e\000\040\000s\000h\000o\000r\000t\000e\000s\000t\000\040\000p\000a\000t\000h\000\040\000a\000l\000g\000o\000r\000i\000t\000h\000m\000\040\000-\000\040\000A\000*}{section.3.2}% 58
\BOOKMARK [2][]{subsection.3.2.3}{\376\377\0003\000.\0002\000.\0003\000\040\000G\000U\000I\000\040\000L\000o\000g\000i\000c}{section.3.2}% 59
\BOOKMARK [2][]{subsection.3.2.4}{\376\377\0003\000.\0002\000.\0004\000\040\000D\000a\000t\000a\000b\000a\000s\000e\000\040\000o\000p\000e\000r\000a\000t\000i\000o\000n\000s}{section.3.2}% 60
\BOOKMARK [2][]{subsection.3.2.5}{\376\377\0003\000.\0002\000.\0005\000\040\000C\000o\000n\000f\000i\000g\000u\000r\000a\000t\000i\000o\000n}{section.3.2}% 61
\BOOKMARK [2][]{subsection.3.2.6}{\376\377\0003\000.\0002\000.\0006\000\040\000J\000S\000O\000N\000\040\000i\000m\000p\000o\000r\000t\000/\000e\000x\000p\000o\000r\000t}{section.3.2}% 62
\BOOKMARK [2][]{subsection.3.2.7}{\376\377\0003\000.\0002\000.\0007\000\040\000A\000*\000\040\000r\000e\000f\000i\000n\000e\000m\000e\000n\000t\000s\000\040\000i\000f\000\040\000p\000o\000s\000s\000i\000b\000l\000e}{section.3.2}% 63
\BOOKMARK [1][]{section.3.3}{\376\377\0003\000.\0003\000\040\000U\000s\000a\000b\000i\000l\000i\000t\000y}{chapter.3}% 64
\BOOKMARK [2][]{subsection.3.3.1}{\376\377\0003\000.\0003\000.\0001\000\040\000G\000u\000i\000d\000e\000l\000i\000n\000e\000s}{section.3.3}% 65
\BOOKMARK [2][]{subsection.3.3.2}{\376\377\0003\000.\0003\000.\0002\000\040\000C\000o\000n\000f\000i\000g\000u\000r\000a\000t\000i\000o\000n\000\040\000S\000c\000r\000e\000e\000n\000\040\000A\000n\000a\000l\000y\000s\000i\000s}{section.3.3}% 66
\BOOKMARK [2][]{subsection.3.3.3}{\376\377\0003\000.\0003\000.\0003\000\040\000M\000a\000i\000n\000\040\000S\000c\000r\000e\000e\000n\000\040\000A\000n\000a\000l\000y\000s\000i\000s}{section.3.3}% 67
\BOOKMARK [2][]{subsection.3.3.4}{\376\377\0003\000.\0003\000.\0004\000\040\000G\000r\000i\000d\000\040\000V\000i\000s\000u\000a\000l\000i\000s\000a\000t\000i\000o\000n}{section.3.3}% 68
\BOOKMARK [1][]{section.3.4}{\376\377\0003\000.\0004\000\040\000U\000n\000i\000f\000y\000i\000n\000g\000\040\000t\000h\000e\000\040\000a\000l\000g\000o\000r\000i\000t\000h\000m\000s}{chapter.3}% 69
\BOOKMARK [2][]{subsection.3.4.1}{\376\377\0003\000.\0004\000.\0001\000\040\000K\000e\000y\000\040\000m\000o\000d\000u\000l\000e\000s\000\040\000b\000r\000e\000a\000k\000d\000o\000w\000n}{section.3.4}% 70
\BOOKMARK [2][]{subsection.3.4.2}{\376\377\0003\000.\0004\000.\0002\000\040\000A\000\040\000u\000n\000i\000f\000i\000e\000d\000\040\000i\000m\000p\000l\000e\000m\000e\000n\000t\000a\000t\000i\000o\000n}{section.3.4}% 71
\BOOKMARK [1][]{section.3.5}{\376\377\0003\000.\0005\000\040\000T\000e\000s\000t\000\040\000d\000a\000t\000a}{chapter.3}% 72
\BOOKMARK [2][]{subsection.3.5.1}{\376\377\0003\000.\0005\000.\0001\000\040\000S\000t\000a\000n\000d\000a\000r\000d\000\040\000d\000a\000t\000a}{section.3.5}% 73
\BOOKMARK [2][]{subsection.3.5.2}{\376\377\0003\000.\0005\000.\0002\000\040\000D\000u\000r\000i\000n\000g\000\040\000d\000e\000v\000e\000l\000o\000p\000m\000e\000n\000t}{section.3.5}% 74
\BOOKMARK [2][]{subsection.3.5.3}{\376\377\0003\000.\0005\000.\0003\000\040\000P\000o\000s\000t\000-\000d\000e\000v\000e\000l\000o\000p\000m\000e\000n\000t}{section.3.5}% 75
\BOOKMARK [0][]{chapter.4}{\376\377\0004\000\040\000D\000e\000v\000e\000l\000o\000p\000i\000n\000g\000\040\000t\000h\000e\000\040\000s\000o\000l\000u\000t\000i\000o\000n}{}% 76
\BOOKMARK [1][]{section.4.1}{\376\377\0004\000.\0001\000\040\000S\000p\000r\000i\000n\000t\000\040\000A\000d\000a}{chapter.4}% 77
\BOOKMARK [2][]{subsection.4.1.1}{\376\377\0004\000.\0001\000.\0001\000\040\000T\000a\000s\000k\000s}{section.4.1}% 78
\BOOKMARK [2][]{subsection.4.1.2}{\376\377\0004\000.\0001\000.\0002\000\040\000P\000u\000r\000p\000o\000s\000e}{section.4.1}% 79
\BOOKMARK [2][]{subsection.4.1.3}{\376\377\0004\000.\0001\000.\0003\000\040\000S\000p\000r\000i\000n\000t\000\040\000P\000l\000a\000n\000n\000i\000n\000g\000\040\000D\000e\000t\000a\000i\000l\000s}{section.4.1}% 80
\BOOKMARK [2][]{subsection.4.1.4}{\376\377\0004\000.\0001\000.\0004\000\040\000D\000e\000v\000e\000l\000o\000p\000m\000e\000n\000t\000\040\000S\000u\000m\000m\000a\000r\000y}{section.4.1}% 81
\BOOKMARK [2][]{subsection.4.1.5}{\376\377\0004\000.\0001\000.\0005\000\040\000S\000p\000r\000i\000n\000t\000\040\000A\000d\000a\000\040\000I\000m\000p\000l\000e\000m\000e\000n\000t\000a\000t\000i\000o\000n}{section.4.1}% 82
\BOOKMARK [2][]{subsection.4.1.6}{\376\377\0004\000.\0001\000.\0006\000\040\000S\000p\000r\000i\000n\000t\000\040\000R\000e\000v\000i\000e\000w\000\040\000a\000n\000d\000\040\000R\000e\000t\000r\000o\000s\000p\000e\000c\000t\000i\000v\000e}{section.4.1}% 83
\BOOKMARK [1][]{section.4.2}{\376\377\0004\000.\0002\000\040\000S\000p\000r\000i\000n\000t\000\040\000B\000e\000r\000n\000e\000r\000s\000-\000L\000e\000e}{chapter.4}% 84
\BOOKMARK [2][]{subsection.4.2.1}{\376\377\0004\000.\0002\000.\0001\000\040\000T\000a\000s\000k\000s}{section.4.2}% 85
\BOOKMARK [2][]{subsection.4.2.2}{\376\377\0004\000.\0002\000.\0002\000\040\000P\000u\000r\000p\000o\000s\000e}{section.4.2}% 86
\BOOKMARK [2][]{subsection.4.2.3}{\376\377\0004\000.\0002\000.\0003\000\040\000S\000p\000r\000i\000n\000t\000\040\000P\000l\000a\000n\000n\000i\000n\000g\000\040\000D\000e\000t\000a\000i\000l\000s}{section.4.2}% 87
\BOOKMARK [2][]{subsection.4.2.4}{\376\377\0004\000.\0002\000.\0004\000\040\000D\000e\000v\000e\000l\000o\000p\000m\000e\000n\000t\000\040\000S\000u\000m\000m\000a\000r\000y}{section.4.2}% 88
\BOOKMARK [2][]{subsection.4.2.5}{\376\377\0004\000.\0002\000.\0005\000\040\000S\000p\000r\000i\000n\000t\000\040\000B\000e\000r\000n\000e\000r\000s\000-\000L\000e\000e\000\040\000I\000m\000p\000l\000e\000m\000e\000n\000t\000a\000t\000i\000o\000n}{section.4.2}% 89
\BOOKMARK [2][]{subsection.4.2.6}{\376\377\0004\000.\0002\000.\0006\000\040\000S\000p\000r\000i\000n\000t\000\040\000R\000e\000v\000i\000e\000w\000\040\000a\000n\000d\000\040\000R\000e\000t\000r\000o\000s\000p\000e\000c\000t\000i\000v\000e}{section.4.2}% 90
\BOOKMARK [1][]{section.4.3}{\376\377\0004\000.\0003\000\040\000F\000i\000n\000a\000l\000\040\000S\000o\000l\000u\000t\000i\000o\000n\000\040\000R\000e\000v\000i\000e\000w}{chapter.4}% 91
\BOOKMARK [2][]{subsection.4.3.1}{\376\377\0004\000.\0003\000.\0001\000\040\000S\000o\000l\000u\000t\000i\000o\000n\000\040\000O\000v\000e\000r\000v\000i\000e\000w}{section.4.3}% 92
\BOOKMARK [2][]{subsection.4.3.2}{\376\377\0004\000.\0003\000.\0002\000\040\000C\000o\000d\000e\000\040\000S\000t\000r\000u\000c\000t\000u\000r\000e\000\040\000a\000n\000d\000\040\000M\000o\000d\000u\000l\000a\000r\000i\000t\000y}{section.4.3}% 93
\BOOKMARK [2][]{subsection.4.3.3}{\376\377\0004\000.\0003\000.\0003\000\040\000K\000e\000y\000\040\000I\000m\000p\000l\000e\000m\000e\000n\000t\000a\000t\000i\000o\000n\000\040\000F\000e\000a\000t\000u\000r\000e\000s}{section.4.3}% 94
\BOOKMARK [2][]{subsection.4.3.4}{\376\377\0004\000.\0003\000.\0004\000\040\000C\000o\000m\000p\000r\000e\000h\000e\000n\000s\000i\000v\000e\000\040\000V\000a\000l\000i\000d\000a\000t\000i\000o\000n\000\040\000S\000t\000r\000a\000t\000e\000g\000y}{section.4.3}% 95
\BOOKMARK [2][]{subsection.4.3.5}{\376\377\0004\000.\0003\000.\0005\000\040\000M\000a\000i\000n\000t\000e\000n\000a\000n\000c\000e\000\040\000C\000o\000n\000s\000i\000d\000e\000r\000a\000t\000i\000o\000n\000s}{section.4.3}% 96
\BOOKMARK [0][]{chapter.5}{\376\377\0005\000\040\000E\000v\000a\000l\000u\000a\000t\000i\000o\000n}{}% 97
\BOOKMARK [0][]{chapter*.68}{\376\377\000R\000e\000f\000e\000r\000e\000n\000c\000e\000s}{}% 98
\BOOKMARK [0][]{appendix.1.A}{\376\377\000A\000p\000p\000e\000n\000d\000i\000x\000\040\000A\000\040\000F\000l\000o\000w\000c\000h\000a\000r\000t\000s\000\040\000i\000n\000\040\000M\000e\000r\000m\000a\000i\000d}{}% 99
\BOOKMARK [0][]{appendix.1.B}{\376\377\000A\000p\000p\000e\000n\000d\000i\000x\000\040\000B\000\040\000G\000i\000t\000h\000u\000b\000\040\000C\000o\000m\000m\000i\000t\000\040\000H\000i\000s\000t\000o\000r\000y}{}% 100
